// 重构日志: 431e79ef
// 重构日志: 817c7d5c
// 同步 ID: c094ca50 @ Tue Jul  7 11:09:51 UTC 2026
// 重构日志: d5683a17
// 重构日志: 23abed83
// 同步 ID: 64797395 @ Sat Jul 11 14:14:40 UTC 2026
// 重构日志: 0f7f3876
// 重构日志: 20409236
// 重构日志: 263b2a94
// 重构日志: 4e495ef8
// 重构日志: ede71da8
// 重构日志: c9c32a7e
// 重构日志: ddafab47
// 同步 ID: 61fe0270 @ Mon Jul 13 01:47:46 UTC 2026
// 同步 ID: 1eb7c84d @ Tue Jul 14 00:54:15 UTC 2026
// 重构日志: a8b7a20a
// 重构日志: 578e6957
// 重构日志: 279eb9ab
// 同步 ID: ae52438d @ Tue Jul 14 15:38:11 UTC 2026
// 重构日志: d7761c3e
// 同步 ID: 37fd821c @ Wed Jul 15 11:37:24 UTC 2026
// 同步 ID: ddd9accb @ Wed Jul 15 15:08:02 UTC 2026
// 重构日志: dc847411
// 重构日志: bc7a6137
// 重构日志: 0c9ef68f
// 同步 ID: 176e7b3f @ Thu Jul 16 17:27:49 UTC 2026
// 重构日志: 79dbc7de
// 同步 ID: 486908f6 @ Sat Jul 18 12:18:45 UTC 2026
// 同步 ID: 602a07c2 @ Sat Jul 18 13:55:52 UTC 2026
// 同步 ID: eb21aa3b @ Sat Jul 18 18:01:07 UTC 2026
